[2025-09-23T13:46:27Z] === Start full curl test ===
[2025-09-23T13:46:27Z] Registering test users (ignore errors if they already exist)
[2025-09-23T13:46:27Z] REQUEST: POST http://127.0.0.1:8083/register
[2025-09-23T13:46:27Z]   Header: Content-Type: application/json
[2025-09-23T13:46:27Z]   Data: {"email":"e2e_user1_20250923134627_9089@example.com","password":"password1"}
[2025-09-23T13:46:27Z] STATUS: 200
[2025-09-23T13:46:27Z] BODY:
[2025-09-23T13:46:27Z] {"message":"user registered"}
[2025-09-23T13:46:27Z] ---
[2025-09-23T13:46:27Z] REQUEST: POST http://127.0.0.1:8083/register
[2025-09-23T13:46:27Z]   Header: Content-Type: application/json
[2025-09-23T13:46:27Z]   Data: {"email":"e2e_user2_20250923134627_9089@example.com","password":"password2"}
[2025-09-23T13:46:28Z] STATUS: 200
[2025-09-23T13:46:28Z] BODY:
[2025-09-23T13:46:28Z] {"message":"user registered"}
[2025-09-23T13:46:28Z] ---
[2025-09-23T13:46:28Z] Logging in test users
[2025-09-23T13:46:28Z] Obtained tokens (masked): eyJhbGciOi..., eyJhbGciOi...
[2025-09-23T13:46:28Z] Parsed user IDs: user1=37 user2=38
[2025-09-23T13:46:28Z] User2 (38) follows User1 (37)
[2025-09-23T13:46:28Z] REQUEST: POST http://127.0.0.1:8085/follow
[2025-09-23T13:46:28Z]   Header: Content-Type: application/json
[2025-09-23T13:46:28Z]   Header: Authorization: Bearer eyJhbGciOiJIUzI1NiIsInR5cCI6IkpXVCJ9.eyJleHAiOjE3NTg5MDE1ODgsInVzZXJfaWQiOjM4fQ.cl4FYQg2fjZ76nuDi4tH20OtxjUgoYkzPEaY1l_9_hc
[2025-09-23T13:46:28Z]   Data: {"user_id":37}
[2025-09-23T13:46:28Z] STATUS: 200
[2025-09-23T13:46:28Z] BODY:
[2025-09-23T13:46:28Z] {"message":"followed successfully"}
[2025-09-23T13:46:28Z] ---
[2025-09-23T13:46:28Z] User1 creates a post
[2025-09-23T13:46:28Z] Created post ID: 37
[2025-09-23T13:46:28Z] Waiting for fanout to deliver post to user2 timeline
[2025-09-23T13:46:28Z] Timeline attempt 1: {"posts":[{"id":37,"author_id":37,"content":"E2E test post"}],"next_cursor":1758635188}
[2025-09-23T13:46:28Z] Timeline contains the post
[2025-09-23T13:46:28Z] User2 unfollows User1
[2025-09-23T13:46:28Z] REQUEST: POST http://127.0.0.1:8085/unfollow
[2025-09-23T13:46:28Z]   Header: Content-Type: application/json
[2025-09-23T13:46:28Z]   Header: Authorization: Bearer eyJhbGciOiJIUzI1NiIsInR5cCI6IkpXVCJ9.eyJleHAiOjE3NTg5MDE1ODgsInVzZXJfaWQiOjM4fQ.cl4FYQg2fjZ76nuDi4tH20OtxjUgoYkzPEaY1l_9_hc
[2025-09-23T13:46:28Z]   Data: {"user_id":37}
[2025-09-23T13:46:28Z] STATUS: 200
[2025-09-23T13:46:28Z] BODY:
[2025-09-23T13:46:28Z] {"message":"unfollowed successfully"}
[2025-09-23T13:46:28Z] ---
[2025-09-23T13:46:28Z] === Cleanup: removing test data ===
[2025-09-23T13:46:28Z] Cleaning Redis timelines
[2025-09-23T13:46:28Z] Cleaning MySQL entries (posts, followers, users)
[2025-09-23T13:46:28Z] DELETE FROM posts WHERE id=37
[2025-09-23T13:46:28Z] Cleanup completed. Log is at logs/e2e_curl_20250923_134627Z.log
