[2025-09-23T13:51:53Z] === Start full curl test ===
[2025-09-23T13:51:53Z] Registering test users (ignore errors if they already exist)
[2025-09-23T13:51:53Z] REQUEST: POST http://127.0.0.1:8083/register
[2025-09-23T13:51:53Z]   Header: Content-Type: application/json
[2025-09-23T13:51:53Z]   Data: {"email":"e2e_user1_20250923135153_2597@example.com","password":"password1"}
[2025-09-23T13:51:54Z] STATUS: 200
[2025-09-23T13:51:54Z] BODY:
[2025-09-23T13:51:54Z] {"message":"user registered"}
[2025-09-23T13:51:54Z] ---
[2025-09-23T13:51:54Z] REQUEST: POST http://127.0.0.1:8083/register
[2025-09-23T13:51:54Z]   Header: Content-Type: application/json
[2025-09-23T13:51:54Z]   Data: {"email":"e2e_user2_20250923135153_2597@example.com","password":"password2"}
[2025-09-23T13:51:54Z] STATUS: 200
[2025-09-23T13:51:54Z] BODY:
[2025-09-23T13:51:54Z] {"message":"user registered"}
[2025-09-23T13:51:54Z] ---
[2025-09-23T13:51:54Z] Logging in test users
[2025-09-23T13:51:54Z] Obtained tokens (masked): eyJhbGciOi..., eyJhbGciOi...
[2025-09-23T13:51:54Z] Parsed user IDs: user1= user2=
[2025-09-23T13:51:54Z] User2 () follows User1 ()
[2025-09-23T13:51:54Z] REQUEST: POST http://127.0.0.1:8085/follow
[2025-09-23T13:51:54Z]   Header: Content-Type: application/json
[2025-09-23T13:51:54Z]   Header: Authorization: Bearer eyJhbGciOiJIUzI1NiIsInR5cCI6IkpXVCJ9.eyJleHAiOjE3NTg5MDE5MTQsInVzZXJfaWQiOjQwfQ.n9p26RcgNCEzJODBfZPuPOhGFW3DEFeJbZXfN2RPBcw
[2025-09-23T13:51:54Z]   Data: {"user_id":}
[2025-09-23T13:51:54Z] STATUS: 400
[2025-09-23T13:51:54Z] BODY:
[2025-09-23T13:51:54Z] {"error":"invalid request body"}
[2025-09-23T13:51:54Z] ---
[2025-09-23T13:51:54Z] User1 creates a post
[2025-09-23T13:51:54Z] Created post ID: 38
[2025-09-23T13:51:54Z] Waiting for fanout to deliver post to user2 timeline
[2025-09-23T13:51:54Z] Timeline attempt 1: {"posts":[],"next_cursor":0}
[2025-09-23T13:51:55Z] Timeline attempt 2: {"posts":[],"next_cursor":0}
[2025-09-23T13:51:56Z] Timeline attempt 3: {"posts":[],"next_cursor":0}
[2025-09-23T13:51:57Z] Timeline attempt 4: {"posts":[],"next_cursor":0}
[2025-09-23T13:51:58Z] Timeline attempt 5: {"posts":[],"next_cursor":0}
[2025-09-23T13:51:59Z] Timeline attempt 6: {"posts":[],"next_cursor":0}
[2025-09-23T13:52:00Z] Timeline attempt 7: {"posts":[],"next_cursor":0}
[2025-09-23T13:52:01Z] Timeline attempt 8: {"posts":[],"next_cursor":0}
[2025-09-23T13:52:02Z] Timeline attempt 9: {"posts":[],"next_cursor":0}
[2025-09-23T13:52:03Z] Timeline attempt 10: {"posts":[],"next_cursor":0}
[2025-09-23T13:52:04Z] Timeline does NOT contain the post
[2025-09-23T13:52:04Z] User2 unfollows User1
[2025-09-23T13:52:05Z] REQUEST: POST http://127.0.0.1:8085/unfollow
[2025-09-23T13:52:05Z]   Header: Content-Type: application/json
[2025-09-23T13:52:05Z]   Header: Authorization: Bearer eyJhbGciOiJIUzI1NiIsInR5cCI6IkpXVCJ9.eyJleHAiOjE3NTg5MDE5MTQsInVzZXJfaWQiOjQwfQ.n9p26RcgNCEzJODBfZPuPOhGFW3DEFeJbZXfN2RPBcw
[2025-09-23T13:52:05Z]   Data: {"user_id":}
[2025-09-23T13:52:05Z] STATUS: 400
[2025-09-23T13:52:05Z] BODY:
[2025-09-23T13:52:05Z] {"error":"invalid request body"}
[2025-09-23T13:52:05Z] ---
[2025-09-23T13:52:05Z] === Cleanup: removing test data ===
[2025-09-23T13:52:05Z] Cleaning Redis timelines
[2025-09-23T13:52:05Z] Cleaning MySQL entries (posts, followers, users)
[2025-09-23T13:52:05Z] DELETE FROM posts WHERE id=38
